<?xml version="1.0" encoding="UTF-8"?>
<testng-results ignored="0" total="3" passed="2" failed="1" skipped="0">
  <reporter-output>
  </reporter-output>
  <suite started-at="2024-11-21T11:37:43 IST" name="Master Suite" finished-at="2024-11-21T11:40:25 IST" duration-ms="162184">
    <groups>
      <group name="Master">
        <method signature="TC001_AccountRegistrationTest.verfy_account_registration()[pri:0, instance:TestCases.TC001_AccountRegistrationTest@1fc32e4f]" name="verfy_account_registration" class="TestCases.TC001_AccountRegistrationTest"/>
        <method signature="TC002_LoginTest.verify_login()[pri:0, instance:TestCases.TC002_LoginTest@291a7e3c]" name="verify_login" class="TestCases.TC002_LoginTest"/>
        <method signature="TC004_Add_To_Cart.AddToCart()[pri:0, instance:TestCases.TC004_Add_To_Cart@ca30bc1]" name="AddToCart" class="TestCases.TC004_Add_To_Cart"/>
      </group> <!-- Master -->
      <group name="Sanity">
        <method signature="TC002_LoginTest.verify_login()[pri:0, instance:TestCases.TC002_LoginTest@291a7e3c]" name="verify_login" class="TestCases.TC002_LoginTest"/>
      </group> <!-- Sanity -->
      <group name="Regression">
        <method signature="TC001_AccountRegistrationTest.verfy_account_registration()[pri:0, instance:TestCases.TC001_AccountRegistrationTest@1fc32e4f]" name="verfy_account_registration" class="TestCases.TC001_AccountRegistrationTest"/>
        <method signature="TC004_Add_To_Cart.AddToCart()[pri:0, instance:TestCases.TC004_Add_To_Cart@ca30bc1]" name="AddToCart" class="TestCases.TC004_Add_To_Cart"/>
      </group> <!-- Regression -->
    </groups>
    <test started-at="2024-11-21T11:37:43 IST" name="Test" finished-at="2024-11-21T11:40:25 IST" duration-ms="162184">
      <class name="TestCases.TC004_Add_To_Cart">
        <test-method is-config="true" signature="setup(java.lang.String,java.lang.String)[pri:0, instance:TestCases.TC004_Add_To_Cart@ca30bc1]" started-at="2024-11-21T11:39:11 IST" name="setup" finished-at="2024-11-21T11:39:31 IST" duration-ms="20080" status="PASS">
          <params>
            <param index="0">
              <value>
                <![CDATA[Windows]]>
              </value>
            </param>
            <param index="1">
              <value>
                <![CDATA[chrome]]>
              </value>
            </param>
          </params>
          <reporter-output>
          </reporter-output>
        </test-method> <!-- setup -->
        <test-method signature="AddToCart()[pri:0, instance:TestCases.TC004_Add_To_Cart@ca30bc1]" started-at="2024-11-21T11:39:31 IST" name="AddToCart" finished-at="2024-11-21T11:40:22 IST" duration-ms="50912" status="PASS">
          <reporter-output>
          </reporter-output>
        </test-method> <!-- AddToCart -->
        <test-method is-config="true" signature="tearDown()[pri:0, instance:TestCases.TC004_Add_To_Cart@ca30bc1]" started-at="2024-11-21T11:40:22 IST" name="tearDown" finished-at="2024-11-21T11:40:25 IST" duration-ms="2860" status="PASS">
          <reporter-output>
          </reporter-output>
        </test-method> <!-- tearDown -->
      </class> <!-- TestCases.TC004_Add_To_Cart -->
      <class name="TestCases.TC001_AccountRegistrationTest">
        <test-method is-config="true" signature="setup(java.lang.String,java.lang.String)[pri:0, instance:TestCases.TC001_AccountRegistrationTest@1fc32e4f]" started-at="2024-11-21T11:37:45 IST" name="setup" finished-at="2024-11-21T11:38:14 IST" duration-ms="29491" status="PASS">
          <params>
            <param index="0">
              <value>
                <![CDATA[Windows]]>
              </value>
            </param>
            <param index="1">
              <value>
                <![CDATA[chrome]]>
              </value>
            </param>
          </params>
          <reporter-output>
          </reporter-output>
        </test-method> <!-- setup -->
        <test-method signature="verfy_account_registration()[pri:0, instance:TestCases.TC001_AccountRegistrationTest@1fc32e4f]" started-at="2024-11-21T11:38:14 IST" name="verfy_account_registration" finished-at="2024-11-21T11:38:29 IST" duration-ms="15311" status="FAIL">
          <exception class="java.lang.AssertionError">
            <message>
              <![CDATA[null]]>
            </message>
            <full-stacktrace>
              <![CDATA[java.lang.AssertionError: null
at org.testng.Assert.fail(Assert.java:111)
at org.testng.Assert.fail(Assert.java:116)
at TestCases.TC001_AccountRegistrationTest.verfy_account_registration(TC001_AccountRegistrationTest.java:68)
at java.base/jdk.internal.reflect.DirectMethodHandleAccessor.invoke(DirectMethodHandleAccessor.java:103)
at java.base/java.lang.reflect.Method.invoke(Method.java:580)
at org.testng.internal.invokers.MethodInvocationHelper.invokeMethod(MethodInvocationHelper.java:141)
at org.testng.internal.invokers.TestInvoker.invokeMethod(TestInvoker.java:686)
at org.testng.internal.invokers.TestInvoker.invokeTestMethod(TestInvoker.java:230)
at org.testng.internal.invokers.MethodRunner.runInSequence(MethodRunner.java:63)
at org.testng.internal.invokers.TestInvoker$MethodInvocationAgent.invoke(TestInvoker.java:992)
at org.testng.internal.invokers.TestInvoker.invokeTestMethods(TestInvoker.java:203)
at org.testng.internal.invokers.TestMethodWorker.invokeTestMethods(TestMethodWorker.java:154)
at org.testng.internal.invokers.TestMethodWorker.run(TestMethodWorker.java:134)
at java.base/java.util.ArrayList.forEach(ArrayList.java:1596)
at org.testng.TestRunner.privateRun(TestRunner.java:739)
at org.testng.TestRunner.run(TestRunner.java:614)
at org.testng.SuiteRunner.runTest(SuiteRunner.java:421)
at org.testng.SuiteRunner.runSequentially(SuiteRunner.java:413)
at org.testng.SuiteRunner.privateRun(SuiteRunner.java:373)
at org.testng.SuiteRunner.run(SuiteRunner.java:312)
at org.testng.SuiteRunnerWorker.runSuite(SuiteRunnerWorker.java:52)
at org.testng.SuiteRunnerWorker.run(SuiteRunnerWorker.java:95)
at org.testng.TestNG.runSuitesSequentially(TestNG.java:1274)
at org.testng.TestNG.runSuitesLocally(TestNG.java:1208)
at org.testng.TestNG.runSuites(TestNG.java:1112)
at org.testng.TestNG.run(TestNG.java:1079)
at org.apache.maven.surefire.testng.TestNGExecutor.run(TestNGExecutor.java:308)
at org.apache.maven.surefire.testng.TestNGXmlTestSuite.execute(TestNGXmlTestSuite.java:71)
at org.apache.maven.surefire.testng.TestNGProvider.invoke(TestNGProvider.java:113)
at org.apache.maven.surefire.booter.ForkedBooter.runSuitesInProcess(ForkedBooter.java:385)
at org.apache.maven.surefire.booter.ForkedBooter.execute(ForkedBooter.java:162)
at org.apache.maven.surefire.booter.ForkedBooter.run(ForkedBooter.java:507)
at org.apache.maven.surefire.booter.ForkedBooter.main(ForkedBooter.java:495)
]]>
            </full-stacktrace>
          </exception> <!-- java.lang.AssertionError -->
          <reporter-output>
          </reporter-output>
        </test-method> <!-- verfy_account_registration -->
        <test-method is-config="true" signature="tearDown()[pri:0, instance:TestCases.TC001_AccountRegistrationTest@1fc32e4f]" started-at="2024-11-21T11:38:30 IST" name="tearDown" finished-at="2024-11-21T11:38:34 IST" duration-ms="3803" status="PASS">
          <reporter-output>
          </reporter-output>
        </test-method> <!-- tearDown -->
      </class> <!-- TestCases.TC001_AccountRegistrationTest -->
      <class name="TestCases.TC002_LoginTest">
        <test-method is-config="true" signature="setup(java.lang.String,java.lang.String)[pri:0, instance:TestCases.TC002_LoginTest@291a7e3c]" started-at="2024-11-21T11:38:34 IST" name="setup" finished-at="2024-11-21T11:38:51 IST" duration-ms="17227" status="PASS">
          <params>
            <param index="0">
              <value>
                <![CDATA[Windows]]>
              </value>
            </param>
            <param index="1">
              <value>
                <![CDATA[chrome]]>
              </value>
            </param>
          </params>
          <reporter-output>
          </reporter-output>
        </test-method> <!-- setup -->
        <test-method signature="verify_login()[pri:0, instance:TestCases.TC002_LoginTest@291a7e3c]" started-at="2024-11-21T11:38:51 IST" name="verify_login" finished-at="2024-11-21T11:39:08 IST" duration-ms="16537" status="PASS">
          <reporter-output>
          </reporter-output>
        </test-method> <!-- verify_login -->
        <test-method is-config="true" signature="tearDown()[pri:0, instance:TestCases.TC002_LoginTest@291a7e3c]" started-at="2024-11-21T11:39:08 IST" name="tearDown" finished-at="2024-11-21T11:39:11 IST" duration-ms="3658" status="PASS">
          <reporter-output>
          </reporter-output>
        </test-method> <!-- tearDown -->
      </class> <!-- TestCases.TC002_LoginTest -->
    </test> <!-- Test -->
  </suite> <!-- Master Suite -->
</testng-results>
